-------------------------------------------------------------------------------
Test set: Search4Test
-------------------------------------------------------------------------------
Tests run: 3, Failures: 0, Errors: 3, Skipped: 0, Time elapsed: 8.002 s <<< FAILURE! - in Search4Test
searchText1{String}[1]  Time elapsed: 1.869 s  <<< ERROR!
org.openqa.selenium.TimeoutException: 
Expected condition failed: waiting for title to be "selenium - ĞŸĞ¾Ğ¸ÑĞº Ğ² Google". Current title: "selenium - Ïîèñê â Google" (tried for 2 second(s) with 500 milliseconds interval)
Build info: version: '4.0.0-alpha-2', revision: 'f148142cf8', time: '2019-07-01T20:55:26'
System info: host: 'ALESIAISACHENKO', ip: '192.168.1.150', os.name: 'Windows 10', os.arch: 'amd64', os.version: '10.0', java.version: '1.8.0_201'
Driver info: org.openqa.selenium.chrome.ChromeDriver
Capabilities {acceptInsecureCerts: false, browserName: chrome, browserVersion: 77.0.3865.120, chrome: {chromedriverVersion: 77.0.3865.40 (f484704e052e0..., userDataDir: C:\Users\User\AppData\Local...}, goog:chromeOptions: {debuggerAddress: localhost:51865}, javascriptEnabled: true, networkConnectionEnabled: false, pageLoadStrategy: normal, platform: XP, platformName: XP, proxy: Proxy(), setWindowRect: true, strictFileInteractability: false, timeouts: {implicit: 0, pageLoad: 300000, script: 30000}, unhandledPromptBehavior: dismiss and notify}
Session ID: 01931a0d5a86ca7b69e0a406aed6ddb6
	at Search4Test.searchText1(Search4Test.java:17)

searchText1{String}[2]  Time elapsed: 3.295 s  <<< ERROR!
org.openqa.selenium.TimeoutException: 
Expected condition failed: waiting for title to be "Java - ĞŸĞ¾Ğ¸ÑĞº Ğ² Google". Current title: "Java - Ïîèñê â Google" (tried for 2 second(s) with 500 milliseconds interval)
Build info: version: '4.0.0-alpha-2', revision: 'f148142cf8', time: '2019-07-01T20:55:26'
System info: host: 'ALESIAISACHENKO', ip: '192.168.1.150', os.name: 'Windows 10', os.arch: 'amd64', os.version: '10.0', java.version: '1.8.0_201'
Driver info: org.openqa.selenium.chrome.ChromeDriver
Capabilities {acceptInsecureCerts: false, browserName: chrome, browserVersion: 77.0.3865.120, chrome: {chromedriverVersion: 77.0.3865.40 (f484704e052e0..., userDataDir: C:\Users\User\AppData\Local...}, goog:chromeOptions: {debuggerAddress: localhost:51865}, javascriptEnabled: true, networkConnectionEnabled: false, pageLoadStrategy: normal, platform: XP, platformName: XP, proxy: Proxy(), setWindowRect: true, strictFileInteractability: false, timeouts: {implicit: 0, pageLoad: 300000, script: 30000}, unhandledPromptBehavior: dismiss and notify}
Session ID: 01931a0d5a86ca7b69e0a406aed6ddb6
	at Search4Test.searchText1(Search4Test.java:17)

searchText2  Time elapsed: 2.836 s  <<< ERROR!
org.openqa.selenium.TimeoutException: 
Expected condition failed: waiting for title to be "selenium - ĞŸĞ¾Ğ¸ÑĞº Ğ² Google". Current title: "selenium - Ïîèñê â Google" (tried for 2 second(s) with 500 milliseconds interval)
Build info: version: '4.0.0-alpha-2', revision: 'f148142cf8', time: '2019-07-01T20:55:26'
System info: host: 'ALESIAISACHENKO', ip: '192.168.1.150', os.name: 'Windows 10', os.arch: 'amd64', os.version: '10.0', java.version: '1.8.0_201'
Driver info: org.openqa.selenium.chrome.ChromeDriver
Capabilities {acceptInsecureCerts: false, browserName: chrome, browserVersion: 77.0.3865.120, chrome: {chromedriverVersion: 77.0.3865.40 (f484704e052e0..., userDataDir: C:\Users\User\AppData\Local...}, goog:chromeOptions: {debuggerAddress: localhost:51865}, javascriptEnabled: true, networkConnectionEnabled: false, pageLoadStrategy: normal, platform: XP, platformName: XP, proxy: Proxy(), setWindowRect: true, strictFileInteractability: false, timeouts: {implicit: 0, pageLoad: 300000, script: 30000}, unhandledPromptBehavior: dismiss and notify}
Session ID: 01931a0d5a86ca7b69e0a406aed6ddb6
	at Search4Test.searchText2(Search4Test.java:26)

